<?xml version="1.0" encoding="UTF-8"?>
<testng-results skipped="0" failed="0" ignored="0" total="1" passed="1">
  <reporter-output>
  </reporter-output>
  <suite name="Default suite" duration-ms="11991" started-at="2021-09-14T06:53:58Z" finished-at="2021-09-14T06:54:10Z">
    <groups>
    </groups>
    <test name="Default test" duration-ms="11991" started-at="2021-09-14T06:53:58Z" finished-at="2021-09-14T06:54:10Z">
      <class name="com.Banking_Testcases.TC_Login_001">
        <test-method status="PASS" signature="setup()[pri:0, instance:com.Banking_Testcases.TC_Login_001@6d2a209c]" name="setup" is-config="true" duration-ms="3406" started-at="2021-09-14T06:53:58Z" finished-at="2021-09-14T06:54:01Z">
          <reporter-output>
          </reporter-output>
        </test-method> <!-- setup -->
        <test-method status="PASS" signature="loginTest()[pri:0, instance:com.Banking_Testcases.TC_Login_001@6d2a209c]" name="loginTest" duration-ms="7537" started-at="2021-09-14T06:54:02Z" finished-at="2021-09-14T06:54:09Z">
          <reporter-output>
          </reporter-output>
        </test-method> <!-- loginTest -->
        <test-method status="PASS" signature="tearDown()[pri:0, instance:com.Banking_Testcases.TC_Login_001@6d2a209c]" name="tearDown" is-config="true" duration-ms="972" started-at="2021-09-14T06:54:09Z" finished-at="2021-09-14T06:54:10Z">
          <reporter-output>
          </reporter-output>
        </test-method> <!-- tearDown -->
      </class> <!-- com.Banking_Testcases.TC_Login_001 -->
    </test> <!-- Default test -->
  </suite> <!-- Default suite -->
</testng-results>
